[debug] [2025-03-07T18:53:41.997Z] ----------------------------------------------------------------------
[debug] [2025-03-07T18:53:42.001Z] Command:       C:\Program Files\nodejs\node.exe C:\Users\LENOVO\AppData\Local\pnpm\global\5\.pnpm\firebase-tools@13.33.0_encoding@0.1.13\node_modules\firebase-tools\lib\bin\firebase.js init
[debug] [2025-03-07T18:53:42.001Z] CLI Version:   13.33.0
[debug] [2025-03-07T18:53:42.002Z] Platform:      win32
[debug] [2025-03-07T18:53:42.002Z] Node Version:  v20.18.0
[debug] [2025-03-07T18:53:42.002Z] Time:          Fri Mar 07 2025 19:53:42 GMT+0100 (Central European Standard Time)
[debug] [2025-03-07T18:53:42.002Z] ----------------------------------------------------------------------
[debug] 
[debug] [2025-03-07T18:53:42.012Z] > command requires scopes: ["email","openid","https://www.googleapis.com/auth/cloudplatformprojects.readonly","https://www.googleapis.com/auth/firebase","https://www.googleapis.com/auth/cloud-platform"]
[debug] [2025-03-07T18:53:42.012Z] > authorizing via signed-in user (raul.a.gamero@gmail.com)
[info] 
     ######## #### ########  ######## ########     ###     ######  ########
     ##        ##  ##     ## ##       ##     ##  ##   ##  ##       ##
     ######    ##  ########  ######   ########  #########  ######  ######
     ##        ##  ##    ##  ##       ##     ## ##     ##       ## ##
     ##       #### ##     ## ######## ########  ##     ##  ######  ########

You're about to initialize a Firebase project in this directory:

  C:\Users\LENOVO\OneDrive\Desktop\BootCamp Full Stack Developer\The Bridge\React\react-project\frontend\french-voyage-akademie

[debug] [2025-03-07T19:06:13.489Z] ----------------------------------------------------------------------
[debug] [2025-03-07T19:06:13.493Z] Command:       C:\Program Files\nodejs\node.exe C:\Users\LENOVO\AppData\Local\pnpm\global\5\.pnpm\firebase-tools@13.33.0_encoding@0.1.13\node_modules\firebase-tools\lib\bin\firebase.js init hosting
[debug] [2025-03-07T19:06:13.494Z] CLI Version:   13.33.0
[debug] [2025-03-07T19:06:13.494Z] Platform:      win32
[debug] [2025-03-07T19:06:13.494Z] Node Version:  v20.18.0
[debug] [2025-03-07T19:06:13.495Z] Time:          Fri Mar 07 2025 20:06:13 GMT+0100 (Central European Standard Time)
[debug] [2025-03-07T19:06:13.495Z] ----------------------------------------------------------------------
[debug] 
[debug] [2025-03-07T19:06:13.505Z] > command requires scopes: ["email","openid","https://www.googleapis.com/auth/cloudplatformprojects.readonly","https://www.googleapis.com/auth/firebase","https://www.googleapis.com/auth/cloud-platform"]
[debug] [2025-03-07T19:06:13.506Z] > authorizing via signed-in user (raul.a.gamero@gmail.com)
[info] 
     ######## #### ########  ######## ########     ###     ######  ########
     ##        ##  ##     ## ##       ##     ##  ##   ##  ##       ##
     ######    ##  ########  ######   ########  #########  ######  ######
     ##        ##  ##    ##  ##       ##     ## ##     ##       ## ##
     ##       #### ##     ## ######## ########  ##     ##  ######  ########

You're about to initialize a Firebase project in this directory:

  C:\Users\LENOVO\OneDrive\Desktop\BootCamp Full Stack Developer\The Bridge\React\react-project\frontend\french-voyage-akademie

